  SFML_HUD.cpp
e:\uni documents\video game development\4109comp-s2 mathematics & 2d graphics\sfml_assigments\sfml_template\sfml_hud.cpp(38): warning C4018: '<': signed/unsigned mismatch
e:\uni documents\video game development\4109comp-s2 mathematics & 2d graphics\sfml_assigments\sfml_template\sfml_hud.cpp(53): warning C4244: 'argument': conversion from 'int' to 'float', possible loss of data
e:\uni documents\video game development\4109comp-s2 mathematics & 2d graphics\sfml_assigments\sfml_template\sfml_hud.cpp(55): warning C4018: '<': signed/unsigned mismatch
  main.cpp
  SFML_2DCamera.cpp
e:\uni documents\video game development\4109comp-s2 mathematics & 2d graphics\sfml_assigments\sfml_template\sfml_2dcamera.cpp(7): warning C4244: 'argument': conversion from 'int' to 'T', possible loss of data
          with
          [
              T=float
          ]
  SFML_AmimationSpriteObject.cpp
e:\uni documents\video game development\4109comp-s2 mathematics & 2d graphics\sfml_assigments\sfml_template\sfml_amimationspriteobject.cpp(60): warning C4244: 'argument': conversion from 'int' to 'T', possible loss of data
          with
          [
              T=float
          ]
  SFML_Application.cpp
e:\uni documents\video game development\4109comp-s2 mathematics & 2d graphics\sfml_assigments\sfml_template\sfml_application.cpp(44): warning C4244: 'argument': conversion from 'size_t' to 'float', possible loss of data
e:\uni documents\video game development\4109comp-s2 mathematics & 2d graphics\sfml_assigments\sfml_template\sfml_application.cpp(45): warning C4244: 'argument': conversion from 'size_t' to 'float', possible loss of data
e:\uni documents\video game development\4109comp-s2 mathematics & 2d graphics\sfml_assigments\sfml_template\sfml_application.cpp(62): warning C4101: 'selection': unreferenced local variable
  SFML_BackstoryScreen.cpp
  SFML_BulletSpriteObject.cpp
e:\uni documents\video game development\4109comp-s2 mathematics & 2d graphics\sfml_assigments\sfml_template\sfml_bulletspriteobject.cpp(26): warning C4305: 'initializing': truncation from 'double' to 'float'
e:\uni documents\video game development\4109comp-s2 mathematics & 2d graphics\sfml_assigments\sfml_template\sfml_bulletspriteobject.cpp(62): warning C4244: 'argument': conversion from 'T' to 'T', possible loss of data
          with
          [
              T=unsigned int
          ]
          and
          [
              T=float
          ]
  SFML_Credits.cpp
e:\uni documents\video game development\4109comp-s2 mathematics & 2d graphics\sfml_assigments\sfml_template\sfml_credits.cpp(36): warning C4244: 'argument': conversion from 'T' to 'float', possible loss of data
          with
          [
              T=unsigned int
          ]
e:\uni documents\video game development\4109comp-s2 mathematics & 2d graphics\sfml_assigments\sfml_template\sfml_credits.cpp(54): warning C4018: '<': signed/unsigned mismatch
e:\uni documents\video game development\4109comp-s2 mathematics & 2d graphics\sfml_assigments\sfml_template\sfml_credits.cpp(73): warning C4018: '<': signed/unsigned mismatch
e:\uni documents\video game development\4109comp-s2 mathematics & 2d graphics\sfml_assigments\sfml_template\sfml_credits.cpp(94): warning C4244: '=': conversion from 'T' to 'T', possible loss of data
          with
          [
              T=unsigned int
          ]
          and
          [
              T=float
          ]
e:\uni documents\video game development\4109comp-s2 mathematics & 2d graphics\sfml_assigments\sfml_template\sfml_credits.cpp(95): warning C4244: '=': conversion from 'T' to 'T', possible loss of data
          with
          [
              T=unsigned int
          ]
          and
          [
              T=float
          ]
e:\uni documents\video game development\4109comp-s2 mathematics & 2d graphics\sfml_assigments\sfml_template\sfml_credits.cpp(132): warning C4244: 'argument': conversion from 'time_t' to 'unsigned int', possible loss of data
e:\uni documents\video game development\4109comp-s2 mathematics & 2d graphics\sfml_assigments\sfml_template\sfml_credits.cpp(261): warning C4018: '<': signed/unsigned mismatch
e:\uni documents\video game development\4109comp-s2 mathematics & 2d graphics\sfml_assigments\sfml_template\sfml_credits.cpp(266): warning C4244: '=': conversion from 'double' to 'T', possible loss of data
          with
          [
              T=float
          ]
  SFML_GameMenu.cpp
e:\uni documents\video game development\4109comp-s2 mathematics & 2d graphics\sfml_assigments\sfml_template\sfml_gamemenu.cpp(15): warning C4244: 'argument': conversion from 'T' to 'float', possible loss of data
          with
          [
              T=unsigned int
          ]
e:\uni documents\video game development\4109comp-s2 mathematics & 2d graphics\sfml_assigments\sfml_template\sfml_gamemenu.cpp(46): warning C4244: 'argument': conversion from 'T' to 'float', possible loss of data
          with
          [
              T=unsigned int
          ]
e:\uni documents\video game development\4109comp-s2 mathematics & 2d graphics\sfml_assigments\sfml_template\sfml_gamemenu.cpp(55): warning C4244: '=': conversion from 'T' to 'T', possible loss of data
          with
          [
              T=unsigned int
          ]
          and
          [
              T=float
          ]
e:\uni documents\video game development\4109comp-s2 mathematics & 2d graphics\sfml_assigments\sfml_template\sfml_gamemenu.cpp(56): warning C4244: '=': conversion from 'T' to 'T', possible loss of data
          with
          [
              T=unsigned int
          ]
          and
          [
              T=float
          ]
  SFML_GameWorld.cpp
e:\uni documents\video game development\4109comp-s2 mathematics & 2d graphics\sfml_assigments\sfml_template\sfml_gameworld.cpp(41): warning C4244: 'argument': conversion from 'int' to 'float', possible loss of data
e:\uni documents\video game development\4109comp-s2 mathematics & 2d graphics\sfml_assigments\sfml_template\sfml_gameworld.cpp(42): warning C4244: 'argument': conversion from 'int' to 'T', possible loss of data
          with
          [
              T=float
          ]
e:\uni documents\video game development\4109comp-s2 mathematics & 2d graphics\sfml_assigments\sfml_template\sfml_gameworld.cpp(144): warning C4244: 'argument': conversion from 'int' to 'T', possible loss of data
          with
          [
              T=float
          ]
e:\uni documents\video game development\4109comp-s2 mathematics & 2d graphics\sfml_assigments\sfml_template\sfml_gameworld.cpp(440): warning C4244: 'argument': conversion from 'int' to 'float', possible loss of data
e:\uni documents\video game development\4109comp-s2 mathematics & 2d graphics\sfml_assigments\sfml_template\sfml_gameworld.cpp(441): warning C4244: 'argument': conversion from 'int' to 'T', possible loss of data
          with
          [
              T=float
          ]
  SFML_GameWorldLayer.cpp
e:\uni documents\video game development\4109comp-s2 mathematics & 2d graphics\sfml_assigments\sfml_template\sfml_gameworldlayer.cpp(25): warning C4244: 'argument': conversion from 'int' to 'T', possible loss of data
          with
          [
              T=float
          ]
e:\uni documents\video game development\4109comp-s2 mathematics & 2d graphics\sfml_assigments\sfml_template\sfml_gameworldlayer.cpp(26): warning C4244: 'argument': conversion from 'int' to 'T', possible loss of data
          with
          [
              T=float
          ]
e:\uni documents\video game development\4109comp-s2 mathematics & 2d graphics\sfml_assigments\sfml_template\sfml_gameworldlayer.cpp(27): warning C4244: 'argument': conversion from 'int' to 'T', possible loss of data
          with
          [
              T=float
          ]
e:\uni documents\video game development\4109comp-s2 mathematics & 2d graphics\sfml_assigments\sfml_template\sfml_gameworldlayer.cpp(12): warning C4390: ';': empty controlled statement found; is this the intent?
e:\uni documents\video game development\4109comp-s2 mathematics & 2d graphics\sfml_assigments\sfml_template\sfml_gameworldlayer.cpp(41): warning C4244: 'initializing': conversion from 'T' to 'int', possible loss of data
          with
          [
              T=float
          ]
e:\uni documents\video game development\4109comp-s2 mathematics & 2d graphics\sfml_assigments\sfml_template\sfml_gameworldlayer.cpp(42): warning C4244: 'initializing': conversion from 'T' to 'int', possible loss of data
          with
          [
              T=float
          ]
e:\uni documents\video game development\4109comp-s2 mathematics & 2d graphics\sfml_assigments\sfml_template\sfml_gameworldlayer.cpp(43): warning C4244: 'initializing': conversion from 'T' to 'int', possible loss of data
          with
          [
              T=float
          ]
e:\uni documents\video game development\4109comp-s2 mathematics & 2d graphics\sfml_assigments\sfml_template\sfml_gameworldlayer.cpp(44): warning C4244: 'initializing': conversion from 'T' to 'int', possible loss of data
          with
          [
              T=float
          ]
e:\uni documents\video game development\4109comp-s2 mathematics & 2d graphics\sfml_assigments\sfml_template\sfml_gameworldlayer.cpp(47): warning C4244: 'argument': conversion from 'int' to 'T', possible loss of data
          with
          [
              T=float
          ]
e:\uni documents\video game development\4109comp-s2 mathematics & 2d graphics\sfml_assigments\sfml_template\sfml_gameworldlayer.cpp(48): warning C4244: 'argument': conversion from 'int' to 'T', possible loss of data
          with
          [
              T=float
          ]
e:\uni documents\video game development\4109comp-s2 mathematics & 2d graphics\sfml_assigments\sfml_template\sfml_gameworldlayer.cpp(49): warning C4244: 'argument': conversion from 'int' to 'T', possible loss of data
          with
          [
              T=float
          ]
e:\uni documents\video game development\4109comp-s2 mathematics & 2d graphics\sfml_assigments\sfml_template\sfml_gameworldlayer.cpp(50): warning C4244: 'argument': conversion from 'int' to 'T', possible loss of data
          with
          [
              T=float
          ]
  SFML_MenuSystem.cpp
e:\uni documents\video game development\4109comp-s2 mathematics & 2d graphics\sfml_assigments\sfml_template\sfml_menusystem.cpp(53): warning C4018: '<': signed/unsigned mismatch
e:\uni documents\video game development\4109comp-s2 mathematics & 2d graphics\sfml_assigments\sfml_template\sfml_menusystem.cpp(61): warning C4018: '<': signed/unsigned mismatch
e:\uni documents\video game development\4109comp-s2 mathematics & 2d graphics\sfml_assigments\sfml_template\sfml_menusystem.cpp(83): warning C4018: '<': signed/unsigned mismatch
e:\uni documents\video game development\4109comp-s2 mathematics & 2d graphics\sfml_assigments\sfml_template\sfml_menusystem.cpp(214): warning C4018: '<': signed/unsigned mismatch
e:\uni documents\video game development\4109comp-s2 mathematics & 2d graphics\sfml_assigments\sfml_template\sfml_menusystem.cpp(246): warning C4018: '<': signed/unsigned mismatch
  SFML_NPCSpriteObject.cpp
  SFML_PlayableSpriteObject.cpp
e:\uni documents\video game development\4109comp-s2 mathematics & 2d graphics\sfml_assigments\sfml_template\sfml_playablespriteobject.cpp(49): warning C4244: '/=': conversion from 'double' to 'T', possible loss of data
          with
          [
              T=float
          ]
e:\uni documents\video game development\4109comp-s2 mathematics & 2d graphics\sfml_assigments\sfml_template\sfml_playablespriteobject.cpp(50): warning C4244: '/=': conversion from 'double' to 'T', possible loss of data
          with
          [
              T=float
          ]
e:\uni documents\video game development\4109comp-s2 mathematics & 2d graphics\sfml_assigments\sfml_template\sfml_playablespriteobject.cpp(54): warning C4244: 'argument': conversion from 'double' to 'float', possible loss of data
e:\uni documents\video game development\4109comp-s2 mathematics & 2d graphics\sfml_assigments\sfml_template\sfml_playablespriteobject.cpp(580): warning C4305: 'initializing': truncation from 'double' to 'float'
  SFML_SpriteAnimation.cpp
e:\uni documents\video game development\4109comp-s2 mathematics & 2d graphics\sfml_assigments\sfml_template\sfml_spriteanimation.cpp(27): warning C4018: '>=': signed/unsigned mismatch
e:\uni documents\video game development\4109comp-s2 mathematics & 2d graphics\sfml_assigments\sfml_template\sfml_spriteanimation.cpp(52): warning C4018: '>=': signed/unsigned mismatch
e:\uni documents\video game development\4109comp-s2 mathematics & 2d graphics\sfml_assigments\sfml_template\sfml_spriteanimation.cpp(64): warning C4018: '>=': signed/unsigned mismatch
  SFML_SpriteObject.cpp
e:\uni documents\video game development\4109comp-s2 mathematics & 2d graphics\sfml_assigments\sfml_template\sfml_spriteobject.cpp(38): warning C4244: 'argument': conversion from 'T' to 'T', possible loss of data
          with
          [
              T=unsigned int
          ]
          and
          [
              T=float
          ]
e:\uni documents\video game development\4109comp-s2 mathematics & 2d graphics\sfml_assigments\sfml_template\sfml_spriteobject.cpp(77): warning C4244: 'argument': conversion from 'int' to 'T', possible loss of data
          with
          [
              T=float
          ]
  SFML_TitleScreen.cpp
e:\uni documents\video game development\4109comp-s2 mathematics & 2d graphics\sfml_assigments\sfml_template\sfml_titlescreen.cpp(30): warning C4244: 'argument': conversion from 'double' to 'float', possible loss of data
  Generating code
  0 of 1229 functions ( 0.0%) were compiled, the rest were copied from previous compilation.
    0 functions were new in current compilation
    0 functions had inline decision re-evaluated but remain unchanged
  Finished generating code
  SFML_Template.vcxproj -> E:\Uni Documents\Video Game Development\4109COMP-S2 Mathematics & 2D Graphics\SFML_Assigments\Release\SFML_Template.exe
